2024-11-18 21:47:49 - Analyzing text: ?????????
2024-11-18 21:47:49 - Character: ? Code: 0x5E9
2024-11-18 21:47:49 - Character: ? Code: 0x5D3
2024-11-18 21:47:49 - Character: ? Code: 0x5D2
2024-11-18 21:47:49 - Character: ? Code: 0x5E9
2024-11-18 21:47:49 - Character: ? Code: 0x5D3
2024-11-18 21:47:49 - Character: ? Code: 0x5D2
2024-11-18 21:47:49 - Character: ? Code: 0x5E9
2024-11-18 21:47:49 - Character: ? Code: 0x5D3
2024-11-18 21:47:49 - Character: ? Code: 0x5D2
2024-11-18 21:47:49 - Analyzing text: ?????????
2024-11-18 21:47:49 - Character: ? Code: 0x5E9
2024-11-18 21:47:49 - Character: ? Code: 0x5D3
2024-11-18 21:47:49 - Character: ? Code: 0x5D2
2024-11-18 21:47:49 - Character: ? Code: 0x5E9
2024-11-18 21:47:49 - Character: ? Code: 0x5D3
2024-11-18 21:47:49 - Character: ? Code: 0x5D2
2024-11-18 21:47:49 - Character: ? Code: 0x5E9
2024-11-18 21:47:49 - Character: ? Code: 0x5D3
2024-11-18 21:47:49 - Character: ? Code: 0x5D2
2024-11-18 21:49:07 - Analyzing text: ?????????
2024-11-18 21:49:07 - Character: ? Code: 0x5E9
2024-11-18 21:49:07 - Match found for layout 040d Range: 0x590-0x5FF
2024-11-18 21:49:07 - Character: ? Code: 0x5D3
2024-11-18 21:49:07 - Match found for layout 040d Range: 0x590-0x5FF
2024-11-18 21:49:07 - Character: ? Code: 0x5D2
2024-11-18 21:49:07 - Match found for layout 040d Range: 0x590-0x5FF
2024-11-18 21:49:07 - Character: ? Code: 0x5E9
2024-11-18 21:49:07 - Match found for layout 040d Range: 0x590-0x5FF
2024-11-18 21:49:07 - Character: ? Code: 0x5D3
2024-11-18 21:49:07 - Match found for layout 040d Range: 0x590-0x5FF
2024-11-18 21:49:07 - Character: ? Code: 0x5D2
2024-11-18 21:49:07 - Match found for layout 040d Range: 0x590-0x5FF
2024-11-18 21:49:07 - Character: ? Code: 0x5E9
2024-11-18 21:49:07 - Match found for layout 040d Range: 0x590-0x5FF
2024-11-18 21:49:07 - Character: ? Code: 0x5D3
2024-11-18 21:49:07 - Match found for layout 040d Range: 0x590-0x5FF
2024-11-18 21:49:07 - Character: ? Code: 0x5D2
2024-11-18 21:49:07 - Match found for layout 040d Range: 0x590-0x5FF
2024-11-18 21:49:07 - Analyzing text: ?????????
2024-11-18 21:49:07 - Character: ? Code: 0x5E9
2024-11-18 21:49:07 - Match found for layout 040d Range: 0x590-0x5FF
2024-11-18 21:49:07 - Character: ? Code: 0x5D3
2024-11-18 21:49:07 - Match found for layout 040d Range: 0x590-0x5FF
2024-11-18 21:49:07 - Character: ? Code: 0x5D2
2024-11-18 21:49:07 - Match found for layout 040d Range: 0x590-0x5FF
2024-11-18 21:49:07 - Character: ? Code: 0x5E9
2024-11-18 21:49:07 - Match found for layout 040d Range: 0x590-0x5FF
2024-11-18 21:49:07 - Character: ? Code: 0x5D3
2024-11-18 21:49:07 - Match found for layout 040d Range: 0x590-0x5FF
2024-11-18 21:49:07 - Character: ? Code: 0x5D2
2024-11-18 21:49:07 - Match found for layout 040d Range: 0x590-0x5FF
2024-11-18 21:49:07 - Character: ? Code: 0x5E9
2024-11-18 21:49:07 - Match found for layout 040d Range: 0x590-0x5FF
2024-11-18 21:49:07 - Character: ? Code: 0x5D3
2024-11-18 21:49:07 - Match found for layout 040d Range: 0x590-0x5FF
2024-11-18 21:49:07 - Character: ? Code: 0x5D2
2024-11-18 21:49:07 - Match found for layout 040d Range: 0x590-0x5FF
2024-11-18 21:49:13 - Analyzing text: asdasdasd
2024-11-18 21:49:13 - Character: a Code: 0x61
2024-11-18 21:49:13 - Match found for layout 0409 Range: 0x20-0x7F
2024-11-18 21:49:13 - Character: s Code: 0x73
2024-11-18 21:49:13 - Match found for layout 0409 Range: 0x20-0x7F
2024-11-18 21:49:13 - Character: d Code: 0x64
2024-11-18 21:49:13 - Match found for layout 0409 Range: 0x20-0x7F
2024-11-18 21:49:13 - Character: a Code: 0x61
2024-11-18 21:49:13 - Match found for layout 0409 Range: 0x20-0x7F
2024-11-18 21:49:13 - Character: s Code: 0x73
2024-11-18 21:49:13 - Match found for layout 0409 Range: 0x20-0x7F
2024-11-18 21:49:13 - Character: d Code: 0x64
2024-11-18 21:49:13 - Match found for layout 0409 Range: 0x20-0x7F
2024-11-18 21:49:13 - Character: a Code: 0x61
2024-11-18 21:49:13 - Match found for layout 0409 Range: 0x20-0x7F
2024-11-18 21:49:13 - Character: s Code: 0x73
2024-11-18 21:49:13 - Match found for layout 0409 Range: 0x20-0x7F
2024-11-18 21:49:13 - Character: d Code: 0x64
2024-11-18 21:49:13 - Match found for layout 0409 Range: 0x20-0x7F
2024-11-18 21:49:13 - Analyzing text: asdasdasd
2024-11-18 21:49:13 - Character: a Code: 0x61
2024-11-18 21:49:13 - Match found for layout 0409 Range: 0x20-0x7F
2024-11-18 21:49:13 - Character: s Code: 0x73
2024-11-18 21:49:13 - Match found for layout 0409 Range: 0x20-0x7F
2024-11-18 21:49:13 - Character: d Code: 0x64
2024-11-18 21:49:13 - Match found for layout 0409 Range: 0x20-0x7F
2024-11-18 21:49:13 - Character: a Code: 0x61
2024-11-18 21:49:13 - Match found for layout 0409 Range: 0x20-0x7F
2024-11-18 21:49:13 - Character: s Code: 0x73
2024-11-18 21:49:13 - Match found for layout 0409 Range: 0x20-0x7F
2024-11-18 21:49:13 - Character: d Code: 0x64
2024-11-18 21:49:13 - Match found for layout 0409 Range: 0x20-0x7F
2024-11-18 21:49:13 - Character: a Code: 0x61
2024-11-18 21:49:13 - Match found for layout 0409 Range: 0x20-0x7F
2024-11-18 21:49:13 - Character: s Code: 0x73
2024-11-18 21:49:13 - Match found for layout 0409 Range: 0x20-0x7F
2024-11-18 21:49:13 - Character: d Code: 0x64
2024-11-18 21:49:13 - Match found for layout 0409 Range: 0x20-0x7F
2024-11-18 21:49:16 - Analyzing text: ?????????
2024-11-18 21:49:16 - Character: ? Code: 0x5E9
2024-11-18 21:49:16 - Match found for layout 040d Range: 0x590-0x5FF
2024-11-18 21:49:16 - Character: ? Code: 0x5D3
2024-11-18 21:49:16 - Match found for layout 040d Range: 0x590-0x5FF
2024-11-18 21:49:17 - Character: ? Code: 0x5D2
2024-11-18 21:49:17 - Match found for layout 040d Range: 0x590-0x5FF
2024-11-18 21:49:17 - Character: ? Code: 0x5E9
2024-11-18 21:49:17 - Match found for layout 040d Range: 0x590-0x5FF
2024-11-18 21:49:17 - Character: ? Code: 0x5D3
2024-11-18 21:49:17 - Match found for layout 040d Range: 0x590-0x5FF
2024-11-18 21:49:17 - Character: ? Code: 0x5D2
2024-11-18 21:49:17 - Match found for layout 040d Range: 0x590-0x5FF
2024-11-18 21:49:17 - Character: ? Code: 0x5E9
2024-11-18 21:49:17 - Match found for layout 040d Range: 0x590-0x5FF
2024-11-18 21:49:17 - Character: ? Code: 0x5D3
2024-11-18 21:49:17 - Match found for layout 040d Range: 0x590-0x5FF
2024-11-18 21:49:17 - Character: ? Code: 0x5D2
2024-11-18 21:49:17 - Match found for layout 040d Range: 0x590-0x5FF
2024-11-18 21:49:17 - Analyzing text: ?????????
2024-11-18 21:49:17 - Character: ? Code: 0x5E9
2024-11-18 21:49:17 - Match found for layout 040d Range: 0x590-0x5FF
2024-11-18 21:49:17 - Character: ? Code: 0x5D3
2024-11-18 21:49:17 - Match found for layout 040d Range: 0x590-0x5FF
2024-11-18 21:49:17 - Character: ? Code: 0x5D2
2024-11-18 21:49:17 - Match found for layout 040d Range: 0x590-0x5FF
2024-11-18 21:49:17 - Character: ? Code: 0x5E9
2024-11-18 21:49:17 - Match found for layout 040d Range: 0x590-0x5FF
2024-11-18 21:49:17 - Character: ? Code: 0x5D3
2024-11-18 21:49:17 - Match found for layout 040d Range: 0x590-0x5FF
2024-11-18 21:49:17 - Character: ? Code: 0x5D2
2024-11-18 21:49:17 - Match found for layout 040d Range: 0x590-0x5FF
2024-11-18 21:49:17 - Character: ? Code: 0x5E9
2024-11-18 21:49:17 - Match found for layout 040d Range: 0x590-0x5FF
2024-11-18 21:49:17 - Character: ? Code: 0x5D3
2024-11-18 21:49:17 - Match found for layout 040d Range: 0x590-0x5FF
2024-11-18 21:49:17 - Character: ? Code: 0x5D2
2024-11-18 21:49:17 - Match found for layout 040d Range: 0x590-0x5FF
2024-11-18 21:58:01 - Analyzing text: asdasdasd
2024-11-18 21:58:01 - Character: a Code: 0x61
2024-11-18 21:58:01 - Match found for layout 0409 Range: 0x20-0x7F
2024-11-18 21:58:01 - Character: s Code: 0x73
2024-11-18 21:58:01 - Match found for layout 0409 Range: 0x20-0x7F
2024-11-18 21:58:01 - Character: d Code: 0x64
2024-11-18 21:58:01 - Match found for layout 0409 Range: 0x20-0x7F
2024-11-18 21:58:01 - Character: a Code: 0x61
2024-11-18 21:58:01 - Match found for layout 0409 Range: 0x20-0x7F
2024-11-18 21:58:01 - Character: s Code: 0x73
2024-11-18 21:58:01 - Match found for layout 0409 Range: 0x20-0x7F
2024-11-18 21:58:01 - Character: d Code: 0x64
2024-11-18 21:58:01 - Match found for layout 0409 Range: 0x20-0x7F
2024-11-18 21:58:01 - Character: a Code: 0x61
2024-11-18 21:58:01 - Match found for layout 0409 Range: 0x20-0x7F
2024-11-18 21:58:01 - Character: s Code: 0x73
2024-11-18 21:58:01 - Match found for layout 0409 Range: 0x20-0x7F
2024-11-18 21:58:01 - Character: d Code: 0x64
2024-11-18 21:58:01 - Match found for layout 0409 Range: 0x20-0x7F
2024-11-18 21:58:01 - Analyzing text: asdasdasd
2024-11-18 21:58:01 - Character: a Code: 0x61
2024-11-18 21:58:01 - Match found for layout 0409 Range: 0x20-0x7F
2024-11-18 21:58:01 - Character: s Code: 0x73
2024-11-18 21:58:01 - Match found for layout 0409 Range: 0x20-0x7F
2024-11-18 21:58:01 - Character: d Code: 0x64
2024-11-18 21:58:01 - Match found for layout 0409 Range: 0x20-0x7F
2024-11-18 21:58:01 - Character: a Code: 0x61
2024-11-18 21:58:01 - Match found for layout 0409 Range: 0x20-0x7F
2024-11-18 21:58:01 - Character: s Code: 0x73
2024-11-18 21:58:01 - Match found for layout 0409 Range: 0x20-0x7F
2024-11-18 21:58:01 - Character: d Code: 0x64
2024-11-18 21:58:01 - Match found for layout 0409 Range: 0x20-0x7F
2024-11-18 21:58:01 - Character: a Code: 0x61
2024-11-18 21:58:01 - Match found for layout 0409 Range: 0x20-0x7F
2024-11-18 21:58:01 - Character: s Code: 0x73
2024-11-18 21:58:01 - Match found for layout 0409 Range: 0x20-0x7F
2024-11-18 21:58:01 - Character: d Code: 0x64
2024-11-18 21:58:01 - Match found for layout 0409 Range: 0x20-0x7F
2024-11-18 21:58:04 - Analyzing text: ?????????
2024-11-18 21:58:04 - Character: ? Code: 0x5E9
2024-11-18 21:58:04 - Match found for layout 040d Range: 0x590-0x5FF
2024-11-18 21:58:04 - Character: ? Code: 0x5D3
2024-11-18 21:58:04 - Match found for layout 040d Range: 0x590-0x5FF
2024-11-18 21:58:04 - Character: ? Code: 0x5D2
2024-11-18 21:58:04 - Match found for layout 040d Range: 0x590-0x5FF
2024-11-18 21:58:04 - Character: ? Code: 0x5E9
2024-11-18 21:58:04 - Match found for layout 040d Range: 0x590-0x5FF
2024-11-18 21:58:04 - Character: ? Code: 0x5D3
2024-11-18 21:58:04 - Match found for layout 040d Range: 0x590-0x5FF
2024-11-18 21:58:04 - Character: ? Code: 0x5D2
2024-11-18 21:58:04 - Match found for layout 040d Range: 0x590-0x5FF
2024-11-18 21:58:04 - Character: ? Code: 0x5E9
2024-11-18 21:58:04 - Match found for layout 040d Range: 0x590-0x5FF
2024-11-18 21:58:04 - Character: ? Code: 0x5D3
2024-11-18 21:58:04 - Match found for layout 040d Range: 0x590-0x5FF
2024-11-18 21:58:04 - Character: ? Code: 0x5D2
2024-11-18 21:58:04 - Match found for layout 040d Range: 0x590-0x5FF
2024-11-18 21:58:04 - Analyzing text: ?????????
2024-11-18 21:58:04 - Character: ? Code: 0x5E9
2024-11-18 21:58:04 - Match found for layout 040d Range: 0x590-0x5FF
2024-11-18 21:58:04 - Character: ? Code: 0x5D3
2024-11-18 21:58:04 - Match found for layout 040d Range: 0x590-0x5FF
2024-11-18 21:58:04 - Character: ? Code: 0x5D2
2024-11-18 21:58:04 - Match found for layout 040d Range: 0x590-0x5FF
2024-11-18 21:58:04 - Character: ? Code: 0x5E9
2024-11-18 21:58:04 - Match found for layout 040d Range: 0x590-0x5FF
2024-11-18 21:58:04 - Character: ? Code: 0x5D3
2024-11-18 21:58:04 - Match found for layout 040d Range: 0x590-0x5FF
2024-11-18 21:58:04 - Character: ? Code: 0x5D2
2024-11-18 21:58:04 - Match found for layout 040d Range: 0x590-0x5FF
2024-11-18 21:58:04 - Character: ? Code: 0x5E9
2024-11-18 21:58:04 - Match found for layout 040d Range: 0x590-0x5FF
2024-11-18 21:58:04 - Character: ? Code: 0x5D3
2024-11-18 21:58:04 - Match found for layout 040d Range: 0x590-0x5FF
2024-11-18 21:58:04 - Character: ? Code: 0x5D2
2024-11-18 21:58:04 - Match found for layout 040d Range: 0x590-0x5FF
2024-11-18 21:58:19 - Analyzing text: asdasdasd
2024-11-18 21:58:19 - Character: a Code: 0x61
2024-11-18 21:58:19 - Match found for layout 0409 Range: 0x20-0x7F
2024-11-18 21:58:19 - Character: s Code: 0x73
2024-11-18 21:58:19 - Match found for layout 0409 Range: 0x20-0x7F
2024-11-18 21:58:19 - Character: d Code: 0x64
2024-11-18 21:58:20 - Match found for layout 0409 Range: 0x20-0x7F
2024-11-18 21:58:20 - Character: a Code: 0x61
2024-11-18 21:58:20 - Match found for layout 0409 Range: 0x20-0x7F
2024-11-18 21:58:20 - Character: s Code: 0x73
2024-11-18 21:58:20 - Match found for layout 0409 Range: 0x20-0x7F
2024-11-18 21:58:20 - Character: d Code: 0x64
2024-11-18 21:58:20 - Match found for layout 0409 Range: 0x20-0x7F
2024-11-18 21:58:20 - Character: a Code: 0x61
2024-11-18 21:58:20 - Match found for layout 0409 Range: 0x20-0x7F
2024-11-18 21:58:20 - Character: s Code: 0x73
2024-11-18 21:58:20 - Match found for layout 0409 Range: 0x20-0x7F
2024-11-18 21:58:20 - Character: d Code: 0x64
2024-11-18 21:58:20 - Match found for layout 0409 Range: 0x20-0x7F
2024-11-18 21:58:20 - Analyzing text: asdasdasd
2024-11-18 21:58:20 - Character: a Code: 0x61
2024-11-18 21:58:20 - Match found for layout 0409 Range: 0x20-0x7F
2024-11-18 21:58:20 - Character: s Code: 0x73
2024-11-18 21:58:20 - Match found for layout 0409 Range: 0x20-0x7F
2024-11-18 21:58:20 - Character: d Code: 0x64
2024-11-18 21:58:20 - Match found for layout 0409 Range: 0x20-0x7F
2024-11-18 21:58:20 - Character: a Code: 0x61
2024-11-18 21:58:20 - Match found for layout 0409 Range: 0x20-0x7F
2024-11-18 21:58:20 - Character: s Code: 0x73
2024-11-18 21:58:20 - Match found for layout 0409 Range: 0x20-0x7F
2024-11-18 21:58:20 - Character: d Code: 0x64
2024-11-18 21:58:20 - Match found for layout 0409 Range: 0x20-0x7F
2024-11-18 21:58:20 - Character: a Code: 0x61
2024-11-18 21:58:20 - Match found for layout 0409 Range: 0x20-0x7F
2024-11-18 21:58:20 - Character: s Code: 0x73
2024-11-18 21:58:20 - Match found for layout 0409 Range: 0x20-0x7F
2024-11-18 21:58:20 - Character: d Code: 0x64
2024-11-18 21:58:20 - Match found for layout 0409 Range: 0x20-0x7F
2024-11-18 21:58:22 - Analyzing text: ?????????
2024-11-18 21:58:22 - Character: ? Code: 0x5E9
2024-11-18 21:58:22 - Match found for layout 040d Range: 0x590-0x5FF
2024-11-18 21:58:22 - Character: ? Code: 0x5D3
2024-11-18 21:58:22 - Match found for layout 040d Range: 0x590-0x5FF
2024-11-18 21:58:22 - Character: ? Code: 0x5D2
2024-11-18 21:58:22 - Match found for layout 040d Range: 0x590-0x5FF
2024-11-18 21:58:22 - Character: ? Code: 0x5E9
2024-11-18 21:58:22 - Match found for layout 040d Range: 0x590-0x5FF
2024-11-18 21:58:22 - Character: ? Code: 0x5D3
2024-11-18 21:58:22 - Match found for layout 040d Range: 0x590-0x5FF
2024-11-18 21:58:22 - Character: ? Code: 0x5D2
2024-11-18 21:58:22 - Match found for layout 040d Range: 0x590-0x5FF
2024-11-18 21:58:22 - Character: ? Code: 0x5E9
2024-11-18 21:58:22 - Match found for layout 040d Range: 0x590-0x5FF
2024-11-18 21:58:22 - Character: ? Code: 0x5D3
2024-11-18 21:58:22 - Match found for layout 040d Range: 0x590-0x5FF
2024-11-18 21:58:22 - Character: ? Code: 0x5D2
2024-11-18 21:58:22 - Match found for layout 040d Range: 0x590-0x5FF
2024-11-18 21:58:22 - Analyzing text: ?????????
2024-11-18 21:58:22 - Character: ? Code: 0x5E9
2024-11-18 21:58:22 - Match found for layout 040d Range: 0x590-0x5FF
2024-11-18 21:58:22 - Character: ? Code: 0x5D3
2024-11-18 21:58:22 - Match found for layout 040d Range: 0x590-0x5FF
2024-11-18 21:58:22 - Character: ? Code: 0x5D2
2024-11-18 21:58:22 - Match found for layout 040d Range: 0x590-0x5FF
2024-11-18 21:58:22 - Character: ? Code: 0x5E9
2024-11-18 21:58:22 - Match found for layout 040d Range: 0x590-0x5FF
2024-11-18 21:58:22 - Character: ? Code: 0x5D3
2024-11-18 21:58:22 - Match found for layout 040d Range: 0x590-0x5FF
2024-11-18 21:58:22 - Character: ? Code: 0x5D2
2024-11-18 21:58:22 - Match found for layout 040d Range: 0x590-0x5FF
2024-11-18 21:58:22 - Character: ? Code: 0x5E9
2024-11-18 21:58:22 - Match found for layout 040d Range: 0x590-0x5FF
2024-11-18 21:58:22 - Character: ? Code: 0x5D3
2024-11-18 21:58:22 - Match found for layout 040d Range: 0x590-0x5FF
2024-11-18 21:58:22 - Character: ? Code: 0x5D2
2024-11-18 21:58:22 - Match found for layout 040d Range: 0x590-0x5FF
2024-11-18 21:59:05 - Analyzing text: ?????? ???? 
2024-11-18 21:59:05 - Character: ? Code: 0x5E8
2024-11-18 21:59:05 - Match found for layout 040d Range: 0x590-0x5FF
2024-11-18 21:59:05 - Character: ? Code: 0x5E7
2024-11-18 21:59:05 - Match found for layout 040d Range: 0x590-0x5FF
2024-11-18 21:59:05 - Character: ? Code: 0x5E6
2024-11-18 21:59:05 - Match found for layout 040d Range: 0x590-0x5FF
2024-11-18 21:59:05 - Character: ? Code: 0x5DD
2024-11-18 21:59:05 - Match found for layout 040d Range: 0x590-0x5FF
2024-11-18 21:59:05 - Character: ? Code: 0x5D4
2024-11-18 21:59:05 - Match found for layout 040d Range: 0x590-0x5FF
2024-11-18 21:59:05 - Character: ? Code: 0x5E7
2024-11-18 21:59:05 - Match found for layout 040d Range: 0x590-0x5FF
2024-11-18 21:59:05 - Character:   Code: 0x20
2024-11-18 21:59:05 - Match found for layout 0409 Range: 0x20-0x7F
2024-11-18 21:59:05 - Character: ? Code: 0x5DA
2024-11-18 21:59:05 - Match found for layout 040d Range: 0x590-0x5FF
2024-11-18 21:59:05 - Character: ? Code: 0x5DD
2024-11-18 21:59:05 - Match found for layout 040d Range: 0x590-0x5FF
2024-11-18 21:59:05 - Character: ? Code: 0x5E2
2024-11-18 21:59:05 - Match found for layout 040d Range: 0x590-0x5FF
2024-11-18 21:59:05 - Character: ? Code: 0x5D3
2024-11-18 21:59:05 - Match found for layout 040d Range: 0x590-0x5FF
2024-11-18 21:59:05 - Character:   Code: 0x20
2024-11-18 21:59:05 - Match found for layout 0409 Range: 0x20-0x7F
2024-11-18 21:59:05 - Analyzing text: ?????? ???? 
2024-11-18 21:59:05 - Character: ? Code: 0x5E8
2024-11-18 21:59:05 - Match found for layout 040d Range: 0x590-0x5FF
2024-11-18 21:59:05 - Character: ? Code: 0x5E7
2024-11-18 21:59:05 - Match found for layout 040d Range: 0x590-0x5FF
2024-11-18 21:59:05 - Character: ? Code: 0x5E6
2024-11-18 21:59:05 - Match found for layout 040d Range: 0x590-0x5FF
2024-11-18 21:59:05 - Character: ? Code: 0x5DD
2024-11-18 21:59:05 - Match found for layout 040d Range: 0x590-0x5FF
2024-11-18 21:59:05 - Character: ? Code: 0x5D4
2024-11-18 21:59:05 - Match found for layout 040d Range: 0x590-0x5FF
2024-11-18 21:59:05 - Character: ? Code: 0x5E7
2024-11-18 21:59:05 - Match found for layout 040d Range: 0x590-0x5FF
2024-11-18 21:59:05 - Character:   Code: 0x20
2024-11-18 21:59:05 - Match found for layout 0409 Range: 0x20-0x7F
2024-11-18 21:59:05 - Character: ? Code: 0x5DA
2024-11-18 21:59:05 - Match found for layout 040d Range: 0x590-0x5FF
2024-11-18 21:59:05 - Character: ? Code: 0x5DD
2024-11-18 21:59:05 - Match found for layout 040d Range: 0x590-0x5FF
2024-11-18 21:59:05 - Character: ? Code: 0x5E2
2024-11-18 21:59:05 - Match found for layout 040d Range: 0x590-0x5FF
2024-11-18 21:59:05 - Character: ? Code: 0x5D3
2024-11-18 21:59:05 - Match found for layout 040d Range: 0x590-0x5FF
2024-11-18 21:59:05 - Character:   Code: 0x20
2024-11-18 21:59:05 - Match found for layout 0409 Range: 0x20-0x7F
2024-11-18 22:04:25 - Initialization took: 0 ms
2024-11-18 22:04:25 - Character counting took: 0 ms
2024-11-18 22:04:25 - Detection took: 0 ms
2024-11-18 22:04:25 - Total processing time: 0 ms
2024-11-18 22:04:25 - Detected layout: 0409 with 9 characters
2024-11-18 22:04:25 - Initialization took: 0 ms
2024-11-18 22:04:25 - Character counting took: 0 ms
2024-11-18 22:04:25 - Detection took: 0 ms
2024-11-18 22:04:25 - Total processing time: 0 ms
2024-11-18 22:04:25 - Detected layout: 0409 with 9 characters
2024-11-18 22:05:01 - Initialization took: 0 ms
2024-11-18 22:05:01 - Character counting took: 0 ms
2024-11-18 22:05:01 - Detection took: 0 ms
2024-11-18 22:05:01 - Total processing time: 16 ms
2024-11-18 22:05:01 - Detected layout: 040d with 9 characters
2024-11-18 22:05:01 - Initialization took: 0 ms
2024-11-18 22:05:01 - Character counting took: 0 ms
2024-11-18 22:05:01 - Detection took: 0 ms
2024-11-18 22:05:01 - Total processing time: 15 ms
2024-11-18 22:05:01 - Detected layout: 040d with 9 characters
